2025-07-20 03:05:48,208 [INFO] classification: Document classified as manual with confidence 1.00
2025-07-20 03:05:48,213 [INFO] classification: Filtered 28 blocks to 0 structural elements
2025-07-20 03:05:49,181 [INFO] classification: Document classified as manual with confidence 1.00
2025-07-20 03:05:49,189 [INFO] classification: Filtered 235 blocks to 6 structural elements
2025-07-20 03:05:49,195 [INFO] classification: Detected 4 headings from 6 text blocks
2025-07-20 03:05:50,358 [INFO] classification: Document classified as business with confidence 1.00
2025-07-20 03:05:50,365 [INFO] classification: Filtered 224 blocks to 44 structural elements
2025-07-20 03:05:50,379 [INFO] classification: Detected 30 headings from 44 text blocks
2025-07-20 03:05:50,601 [INFO] classification: Document classified as program with confidence 1.00
2025-07-20 03:05:50,603 [INFO] classification: Filtered 28 blocks to 2 structural elements
2025-07-20 03:05:50,606 [INFO] classification: Detected 1 headings from 2 text blocks
2025-07-20 03:05:50,652 [INFO] classification: Document classified as invitation with confidence 1.00
2025-07-20 03:05:50,654 [INFO] classification: Filtered 12 blocks to 1 structural elements
2025-07-20 03:05:50,657 [INFO] classification: Detected 1 headings from 1 text blocks
2025-07-20 03:38:56,288 [INFO] classification: Document classified as manual with confidence 1.00
2025-07-20 03:38:56,295 [INFO] classification: Filtered 28 blocks to 0 structural elements
2025-07-20 03:38:57,250 [INFO] classification: Document classified as manual with confidence 1.00
2025-07-20 03:38:57,255 [INFO] classification: Filtered 235 blocks to 29 structural elements
2025-07-20 03:38:57,264 [INFO] classification: Detected 11 headings from 29 text blocks
2025-07-20 03:38:58,493 [INFO] classification: Document classified as business with confidence 1.00
2025-07-20 03:38:58,500 [INFO] classification: Filtered 224 blocks to 44 structural elements
2025-07-20 03:38:58,514 [INFO] classification: Detected 30 headings from 44 text blocks
2025-07-20 03:38:58,771 [INFO] classification: Document classified as program with confidence 1.00
2025-07-20 03:38:58,774 [INFO] classification: Filtered 28 blocks to 2 structural elements
2025-07-20 03:38:58,777 [INFO] classification: Detected 1 headings from 2 text blocks
2025-07-20 03:38:58,835 [INFO] classification: Document classified as invitation with confidence 1.00
2025-07-20 03:38:58,836 [INFO] classification: Filtered 12 blocks to 1 structural elements
2025-07-20 03:38:58,839 [INFO] classification: Detected 1 headings from 1 text blocks
2025-07-20 03:55:41,318 [INFO] classification: Document classified as manual with confidence 1.00
2025-07-20 03:55:42,262 [INFO] classification: Document classified as manual with confidence 1.00
2025-07-20 03:55:43,476 [INFO] classification: Document classified as business with confidence 1.00
2025-07-20 03:55:43,485 [INFO] classification: Filtered 224 blocks to 44 structural elements
2025-07-20 03:55:43,503 [INFO] classification: Detected 30 headings from 44 text blocks
2025-07-20 03:55:43,706 [INFO] classification: Document classified as program with confidence 1.00
2025-07-20 03:55:43,709 [INFO] classification: Filtered 28 blocks to 2 structural elements
2025-07-20 03:55:43,712 [INFO] classification: Detected 1 headings from 2 text blocks
2025-07-20 03:55:43,788 [INFO] classification: Document classified as invitation with confidence 1.00
2025-07-20 03:55:43,791 [INFO] classification: Filtered 12 blocks to 1 structural elements
2025-07-20 03:55:43,794 [INFO] classification: Detected 1 headings from 1 text blocks
2025-07-20 04:06:03,561 [INFO] classification: Document classified as manual with confidence 1.00
2025-07-20 04:06:04,657 [INFO] classification: Document classified as manual with confidence 1.00
2025-07-20 04:06:06,144 [INFO] classification: Document classified as business with confidence 1.00
2025-07-20 04:06:06,156 [INFO] classification: Filtered 224 blocks to 22 structural elements
2025-07-20 04:06:06,169 [INFO] classification: Detected 7 headings from 22 text blocks
2025-07-20 04:06:06,464 [INFO] classification: Document classified as program with confidence 1.00
2025-07-20 04:06:06,469 [INFO] classification: Filtered 28 blocks to 4 structural elements
2025-07-20 04:06:06,473 [INFO] classification: Detected 1 headings from 4 text blocks
2025-07-20 04:06:06,569 [INFO] classification: Document classified as invitation with confidence 1.00
2025-07-20 04:06:06,571 [INFO] classification: Filtered 12 blocks to 2 structural elements
2025-07-20 04:06:06,574 [INFO] classification: Detected 1 headings from 2 text blocks
2025-07-20 04:17:01,607 [INFO] classification: Document classified as manual with confidence 1.00
2025-07-20 04:17:03,383 [INFO] classification: Document classified as manual with confidence 1.00
2025-07-20 04:17:05,830 [INFO] classification: Document classified as business with confidence 1.00
2025-07-20 04:17:05,843 [INFO] classification: Filtered 224 blocks to 17 structural elements
2025-07-20 04:17:05,860 [INFO] classification: Detected 0 headings from 17 text blocks
2025-07-20 04:17:06,196 [INFO] classification: Document classified as program with confidence 1.00
2025-07-20 04:17:06,200 [INFO] classification: Filtered 28 blocks to 2 structural elements
2025-07-20 04:17:06,203 [INFO] classification: Detected 0 headings from 2 text blocks
2025-07-20 04:17:06,291 [INFO] classification: Document classified as invitation with confidence 1.00
2025-07-20 04:17:06,293 [INFO] classification: Filtered 12 blocks to 1 structural elements
2025-07-20 04:17:06,298 [INFO] classification: Detected 0 headings from 1 text blocks
2025-07-20 04:32:48,450 [INFO] classification: Document classified as manual with confidence 1.00
2025-07-20 04:32:49,843 [INFO] classification: Document classified as manual with confidence 1.00
2025-07-20 04:32:51,345 [INFO] classification: Document classified as business with confidence 1.00
2025-07-20 04:32:51,355 [INFO] classification: Filtered 224 blocks to 17 structural elements
2025-07-20 04:32:51,368 [INFO] classification: Detected 0 headings from 17 text blocks
2025-07-20 04:32:51,584 [INFO] classification: Document classified as program with confidence 1.00
2025-07-20 04:32:51,590 [INFO] classification: Filtered 28 blocks to 2 structural elements
2025-07-20 04:32:51,595 [INFO] classification: Detected 0 headings from 2 text blocks
2025-07-20 04:32:51,705 [INFO] classification: Document classified as invitation with confidence 1.00
2025-07-20 04:32:51,709 [INFO] classification: Filtered 12 blocks to 1 structural elements
2025-07-20 04:32:51,715 [INFO] classification: Detected 0 headings from 1 text blocks
2025-07-20 04:40:16,237 [INFO] classification: Document classified as manual with confidence 1.00
2025-07-20 04:40:17,716 [INFO] classification: Document classified as manual with confidence 1.00
2025-07-20 04:40:19,295 [INFO] classification: Document classified as business with confidence 1.00
2025-07-20 04:40:19,307 [INFO] classification: Filtered 224 blocks to 17 structural elements
2025-07-20 04:40:19,322 [INFO] classification: Detected 0 headings from 17 text blocks
2025-07-20 04:40:19,632 [INFO] classification: Document classified as program with confidence 1.00
2025-07-20 04:40:19,636 [INFO] classification: Filtered 28 blocks to 2 structural elements
2025-07-20 04:40:19,639 [INFO] classification: Detected 0 headings from 2 text blocks
2025-07-20 04:40:19,718 [INFO] classification: Document classified as invitation with confidence 1.00
2025-07-20 04:40:19,721 [INFO] classification: Filtered 12 blocks to 1 structural elements
2025-07-20 04:40:19,724 [INFO] classification: Detected 0 headings from 1 text blocks
2025-07-20 04:44:34,751 [INFO] classification: Document classified as manual with confidence 1.00
2025-07-20 04:44:36,198 [INFO] classification: Document classified as manual with confidence 1.00
2025-07-20 04:44:38,233 [INFO] classification: Document classified as business with confidence 1.00
2025-07-20 04:44:38,270 [INFO] classification: Filtered 224 blocks to 17 structural elements
2025-07-20 04:44:38,296 [INFO] classification: Detected 0 headings from 17 text blocks
2025-07-20 04:44:38,601 [INFO] classification: Document classified as program with confidence 1.00
2025-07-20 04:44:38,605 [INFO] classification: Filtered 28 blocks to 2 structural elements
2025-07-20 04:44:38,610 [INFO] classification: Detected 0 headings from 2 text blocks
2025-07-20 04:44:38,708 [INFO] classification: Document classified as invitation with confidence 1.00
2025-07-20 04:44:38,711 [INFO] classification: Filtered 12 blocks to 1 structural elements
2025-07-20 04:44:38,715 [INFO] classification: Detected 0 headings from 1 text blocks
2025-07-20 04:48:49,903 [INFO] classification: Document classified as manual with confidence 1.00
2025-07-20 04:48:51,448 [INFO] classification: Document classified as manual with confidence 1.00
2025-07-20 04:48:53,296 [INFO] classification: Document classified as business with confidence 1.00
2025-07-20 04:48:53,308 [INFO] classification: Filtered 224 blocks to 17 structural elements
2025-07-20 04:48:53,326 [INFO] classification: Detected 0 headings from 17 text blocks
2025-07-20 04:48:53,596 [INFO] classification: Document classified as program with confidence 1.00
2025-07-20 04:48:53,599 [INFO] classification: Filtered 28 blocks to 2 structural elements
2025-07-20 04:48:53,602 [INFO] classification: Detected 0 headings from 2 text blocks
2025-07-20 04:48:53,694 [INFO] classification: Document classified as invitation with confidence 1.00
2025-07-20 04:48:53,697 [INFO] classification: Filtered 12 blocks to 1 structural elements
2025-07-20 04:48:53,702 [INFO] classification: Detected 0 headings from 1 text blocks
2025-07-20 05:00:53,050 [INFO] classification: Document classified as manual with confidence 1.00
2025-07-20 05:00:54,649 [INFO] classification: Document classified as manual with confidence 1.00
2025-07-20 05:00:56,561 [INFO] classification: Document classified as business with confidence 1.00
2025-07-20 05:00:56,571 [INFO] classification: Filtered 224 blocks to 17 structural elements
2025-07-20 05:00:56,582 [INFO] classification: Detected 0 headings from 17 text blocks
2025-07-20 05:00:56,761 [INFO] classification: Document classified as program with confidence 1.00
2025-07-20 05:00:56,764 [INFO] classification: Filtered 28 blocks to 2 structural elements
2025-07-20 05:00:56,767 [INFO] classification: Detected 0 headings from 2 text blocks
2025-07-20 05:00:56,826 [INFO] classification: Document classified as invitation with confidence 1.00
2025-07-20 05:00:56,829 [INFO] classification: Filtered 12 blocks to 1 structural elements
2025-07-20 05:00:56,831 [INFO] classification: Detected 0 headings from 1 text blocks
2025-07-20 05:04:04,640 [INFO] classification: Document classified as manual with confidence 1.00
2025-07-20 05:04:06,294 [INFO] classification: Document classified as manual with confidence 1.00
2025-07-20 05:04:08,016 [INFO] classification: Document classified as business with confidence 1.00
2025-07-20 05:04:08,026 [INFO] classification: Filtered 224 blocks to 17 structural elements
2025-07-20 05:04:08,040 [INFO] classification: Detected 0 headings from 17 text blocks
2025-07-20 05:04:08,397 [INFO] classification: Document classified as program with confidence 1.00
2025-07-20 05:04:08,401 [INFO] classification: Filtered 28 blocks to 2 structural elements
2025-07-20 05:04:08,407 [INFO] classification: Detected 0 headings from 2 text blocks
2025-07-20 05:04:08,484 [INFO] classification: Document classified as invitation with confidence 1.00
2025-07-20 05:04:08,487 [INFO] classification: Filtered 12 blocks to 1 structural elements
2025-07-20 05:04:08,493 [INFO] classification: Detected 0 headings from 1 text blocks
2025-07-20 05:10:04,484 [INFO] classification: Document classified as manual with confidence 1.00
2025-07-20 05:10:05,608 [INFO] classification: Document classified as manual with confidence 1.00
2025-07-20 05:10:06,952 [INFO] classification: Document classified as business with confidence 1.00
2025-07-20 05:10:06,963 [INFO] classification: Filtered 224 blocks to 17 structural elements
2025-07-20 05:10:06,975 [INFO] classification: Detected 0 headings from 17 text blocks
2025-07-20 05:10:07,212 [INFO] classification: Document classified as program with confidence 1.00
2025-07-20 05:10:07,216 [INFO] classification: Filtered 28 blocks to 2 structural elements
2025-07-20 05:10:07,221 [INFO] classification: Detected 0 headings from 2 text blocks
2025-07-20 05:10:07,274 [INFO] classification: Document classified as invitation with confidence 1.00
2025-07-20 05:10:07,277 [INFO] classification: Filtered 12 blocks to 1 structural elements
2025-07-20 05:10:07,280 [INFO] classification: Detected 0 headings from 1 text blocks
2025-07-20 05:19:35,896 [INFO] classification: Document classified as manual with confidence 1.00
2025-07-20 05:19:37,117 [INFO] classification: Document classified as manual with confidence 1.00
2025-07-20 05:19:38,711 [INFO] classification: Document classified as business with confidence 1.00
2025-07-20 05:19:38,720 [INFO] classification: Filtered 224 blocks to 17 structural elements
2025-07-20 05:19:38,734 [INFO] classification: Detected 0 headings from 17 text blocks
2025-07-20 05:19:38,925 [INFO] classification: Document classified as program with confidence 1.00
2025-07-20 05:19:38,929 [INFO] classification: Filtered 28 blocks to 2 structural elements
2025-07-20 05:19:38,932 [INFO] classification: Detected 0 headings from 2 text blocks
2025-07-20 05:19:38,995 [INFO] classification: Document classified as invitation with confidence 1.00
2025-07-20 05:19:38,999 [INFO] classification: Filtered 12 blocks to 1 structural elements
2025-07-20 05:19:39,002 [INFO] classification: Detected 0 headings from 1 text blocks
2025-07-20 05:20:26,820 [INFO] classification: Document classified as manual with confidence 1.00
2025-07-20 05:20:27,820 [INFO] classification: Document classified as manual with confidence 1.00
2025-07-20 05:20:29,176 [INFO] classification: Document classified as business with confidence 1.00
2025-07-20 05:20:29,191 [INFO] classification: Filtered 224 blocks to 17 structural elements
2025-07-20 05:20:29,203 [INFO] classification: Detected 0 headings from 17 text blocks
2025-07-20 05:20:29,360 [INFO] classification: Document classified as program with confidence 1.00
2025-07-20 05:20:29,364 [INFO] classification: Filtered 28 blocks to 2 structural elements
2025-07-20 05:20:29,370 [INFO] classification: Detected 0 headings from 2 text blocks
2025-07-20 05:20:29,437 [INFO] classification: Document classified as invitation with confidence 1.00
2025-07-20 05:20:29,440 [INFO] classification: Filtered 12 blocks to 1 structural elements
2025-07-20 05:20:29,444 [INFO] classification: Detected 0 headings from 1 text blocks
2025-07-20 05:50:00,126 [INFO] classification: Document classified as manual with confidence 1.00
2025-07-20 05:50:01,105 [INFO] classification: Document classified as manual with confidence 1.00
2025-07-20 05:50:02,221 [INFO] classification: Document classified as business with confidence 1.00
2025-07-20 05:50:02,234 [INFO] classification: Filtered 224 blocks to 17 structural elements
2025-07-20 05:50:02,248 [INFO] classification: Detected 0 headings from 17 text blocks
2025-07-20 05:50:02,415 [INFO] classification: Document classified as program with confidence 1.00
2025-07-20 05:50:02,419 [INFO] classification: Filtered 28 blocks to 2 structural elements
2025-07-20 05:50:02,423 [INFO] classification: Detected 0 headings from 2 text blocks
2025-07-20 05:50:02,494 [INFO] classification: Document classified as invitation with confidence 1.00
2025-07-20 05:50:02,496 [INFO] classification: Filtered 12 blocks to 1 structural elements
2025-07-20 05:50:02,501 [INFO] classification: Detected 0 headings from 1 text blocks
2025-07-20 06:20:27,868 [INFO] classification: Document classified as manual with confidence 1.00
2025-07-20 06:20:28,928 [INFO] classification: Document classified as manual with confidence 1.00
2025-07-20 06:20:30,131 [INFO] classification: Document classified as business with confidence 1.00
2025-07-20 06:20:30,140 [INFO] classification: Filtered 224 blocks to 17 structural elements
2025-07-20 06:20:30,151 [INFO] classification: Detected 0 headings from 17 text blocks
2025-07-20 06:20:30,375 [INFO] classification: Document classified as program with confidence 1.00
2025-07-20 06:20:30,379 [INFO] classification: Filtered 28 blocks to 2 structural elements
2025-07-20 06:20:30,383 [INFO] classification: Detected 0 headings from 2 text blocks
2025-07-20 06:20:30,532 [INFO] classification: Document classified as invitation with confidence 1.00
2025-07-20 06:20:30,536 [INFO] classification: Filtered 12 blocks to 1 structural elements
2025-07-20 06:20:30,541 [INFO] classification: Detected 0 headings from 1 text blocks
2025-07-20 06:28:07,179 [INFO] classification: Document classified as manual with confidence 1.00
2025-07-20 06:28:08,373 [INFO] classification: Document classified as manual with confidence 1.00
2025-07-20 06:28:09,780 [INFO] classification: Document classified as business with confidence 1.00
2025-07-20 06:28:09,789 [INFO] classification: Filtered 224 blocks to 17 structural elements
2025-07-20 06:28:09,801 [INFO] classification: Detected 0 headings from 17 text blocks
2025-07-20 06:28:10,080 [INFO] classification: Document classified as program with confidence 1.00
2025-07-20 06:28:10,207 [INFO] classification: Document classified as invitation with confidence 1.00
2025-07-20 06:28:10,211 [INFO] classification: Filtered 12 blocks to 1 structural elements
2025-07-20 06:28:10,215 [INFO] classification: Detected 0 headings from 1 text blocks
2025-07-20 06:55:03,417 [INFO] classification: Document classified as manual with confidence 1.00
2025-07-20 06:55:04,349 [INFO] classification: Document classified as manual with confidence 1.00
2025-07-20 06:55:05,444 [INFO] classification: Document classified as business with confidence 1.00
2025-07-20 06:55:05,454 [INFO] classification: Filtered 224 blocks to 17 structural elements
2025-07-20 06:55:05,465 [INFO] classification: Detected 0 headings from 17 text blocks
2025-07-20 06:55:05,644 [INFO] classification: Document classified as program with confidence 1.00
2025-07-20 06:55:05,732 [INFO] classification: Document classified as invitation with confidence 1.00
2025-07-20 07:02:26,053 [INFO] classification: Document classified as manual with confidence 1.00
2025-07-20 07:02:27,056 [INFO] classification: Document classified as manual with confidence 1.00
2025-07-20 07:02:28,249 [INFO] classification: Document classified as business with confidence 1.00
2025-07-20 07:02:28,257 [INFO] classification: Filtered 224 blocks to 17 structural elements
2025-07-20 07:02:28,269 [INFO] classification: Detected 0 headings from 17 text blocks
2025-07-20 07:02:28,429 [INFO] classification: Document classified as program with confidence 1.00
2025-07-20 07:02:28,515 [INFO] classification: Document classified as invitation with confidence 1.00
2025-07-20 07:07:34,929 [INFO] classification: Document classified as manual with confidence 1.00
2025-07-20 07:07:35,837 [INFO] classification: Document classified as manual with confidence 1.00
2025-07-20 07:07:36,992 [INFO] classification: Document classified as business with confidence 1.00
2025-07-20 07:07:37,002 [INFO] classification: Filtered 224 blocks to 17 structural elements
2025-07-20 07:07:37,014 [INFO] classification: Detected 0 headings from 17 text blocks
2025-07-20 07:07:37,175 [INFO] classification: Document classified as program with confidence 1.00
2025-07-20 07:07:37,239 [INFO] classification: Document classified as invitation with confidence 1.00
2025-07-20 07:14:07,657 [INFO] classification: Document classified as manual with confidence 1.00
2025-07-20 07:14:08,662 [INFO] classification: Document classified as manual with confidence 1.00
2025-07-20 07:14:09,875 [INFO] classification: Document classified as business with confidence 1.00
2025-07-20 07:14:09,884 [INFO] classification: Filtered 224 blocks to 17 structural elements
2025-07-20 07:14:09,895 [INFO] classification: Detected 0 headings from 17 text blocks
2025-07-20 07:14:10,064 [INFO] classification: Document classified as program with confidence 1.00
2025-07-20 07:14:10,126 [INFO] classification: Document classified as invitation with confidence 1.00
2025-07-20 07:21:22,645 [INFO] classification: Document classified as manual with confidence 1.00
2025-07-20 07:21:23,560 [INFO] classification: Document classified as manual with confidence 1.00
2025-07-20 07:21:24,759 [INFO] classification: Document classified as business with confidence 1.00
2025-07-20 07:21:24,769 [INFO] classification: Filtered 224 blocks to 17 structural elements
2025-07-20 07:21:24,781 [INFO] classification: Detected 0 headings from 17 text blocks
2025-07-20 07:21:24,938 [INFO] classification: Document classified as program with confidence 1.00
2025-07-20 07:21:25,001 [INFO] classification: Document classified as invitation with confidence 1.00
2025-07-20 09:33:24,972 [INFO] classification: Document classified as manual with confidence 1.00
2025-07-20 09:33:25,969 [INFO] classification: Document classified as manual with confidence 1.00
2025-07-20 09:33:27,128 [INFO] classification: Document classified as business with confidence 1.00
2025-07-20 09:33:27,139 [INFO] classification: Filtered 224 blocks to 17 structural elements
2025-07-20 09:33:27,151 [INFO] classification: Detected 0 headings from 17 text blocks
2025-07-20 09:33:27,391 [INFO] classification: Document classified as program with confidence 1.00
2025-07-20 09:33:27,460 [INFO] classification: Document classified as invitation with confidence 1.00
2025-07-20 09:33:27,462 [INFO] classification: Filtered 12 blocks to 1 structural elements
2025-07-20 09:33:27,465 [INFO] classification: Detected 0 headings from 1 text blocks
2025-07-20 09:57:15,738 [INFO] classification: Document classified as manual with confidence 1.00
2025-07-20 09:57:16,654 [INFO] classification: Document classified as manual with confidence 1.00
2025-07-20 09:57:17,844 [INFO] classification: Document classified as business with confidence 1.00
2025-07-20 09:57:17,853 [INFO] classification: Filtered 224 blocks to 17 structural elements
2025-07-20 09:57:17,862 [INFO] classification: Detected 0 headings from 17 text blocks
2025-07-20 09:57:18,016 [INFO] classification: Document classified as program with confidence 1.00
2025-07-20 09:57:18,083 [INFO] classification: Document classified as invitation with confidence 1.00
2025-07-20 09:57:18,086 [INFO] classification: Filtered 12 blocks to 1 structural elements
2025-07-20 09:57:18,089 [INFO] classification: Detected 0 headings from 1 text blocks
2025-07-20 10:20:05,410 [INFO] classification: Document classified as manual with confidence 1.00
2025-07-20 10:20:06,706 [INFO] classification: Document classified as manual with confidence 1.00
2025-07-20 10:20:08,238 [INFO] classification: Document classified as business with confidence 1.00
2025-07-20 10:20:08,250 [INFO] classification: Filtered 224 blocks to 17 structural elements
2025-07-20 10:20:08,267 [INFO] classification: Detected 0 headings from 17 text blocks
2025-07-20 10:20:08,563 [INFO] classification: Document classified as program with confidence 1.00
2025-07-20 10:20:08,667 [INFO] classification: Document classified as invitation with confidence 1.00
2025-07-20 10:20:08,671 [INFO] classification: Filtered 12 blocks to 1 structural elements
2025-07-20 10:20:08,676 [INFO] classification: Detected 0 headings from 1 text blocks
2025-07-20 10:35:44,767 [INFO] classification: Document classified as manual with confidence 1.00
2025-07-20 10:35:46,107 [INFO] classification: Document classified as manual with confidence 1.00
2025-07-20 10:35:47,937 [INFO] classification: Document classified as business with confidence 1.00
2025-07-20 10:35:47,950 [INFO] classification: Filtered 224 blocks to 17 structural elements
2025-07-20 10:35:47,964 [INFO] classification: Detected 0 headings from 17 text blocks
2025-07-20 10:35:48,248 [INFO] classification: Document classified as program with confidence 1.00
2025-07-20 10:35:48,342 [INFO] classification: Document classified as invitation with confidence 1.00
2025-07-20 10:35:48,346 [INFO] classification: Filtered 12 blocks to 1 structural elements
2025-07-20 10:35:48,349 [INFO] classification: Detected 0 headings from 1 text blocks
2025-07-20 10:46:10,402 [INFO] classification: Document classified as manual with confidence 1.00
2025-07-20 10:46:12,068 [INFO] classification: Document classified as manual with confidence 1.00
2025-07-20 10:46:14,154 [INFO] classification: Document classified as business with confidence 1.00
2025-07-20 10:46:14,169 [INFO] classification: Filtered 224 blocks to 17 structural elements
2025-07-20 10:46:14,187 [INFO] classification: Detected 0 headings from 17 text blocks
2025-07-20 10:46:14,482 [INFO] classification: Document classified as program with confidence 1.00
2025-07-20 10:46:14,579 [INFO] classification: Document classified as invitation with confidence 1.00
2025-07-20 10:46:14,583 [INFO] classification: Filtered 12 blocks to 1 structural elements
2025-07-20 10:46:14,586 [INFO] classification: Detected 0 headings from 1 text blocks
2025-07-20 10:56:35,709 [INFO] classification: Document classified as manual with confidence 1.00
2025-07-20 10:56:36,766 [INFO] classification: Document classified as manual with confidence 1.00
2025-07-20 10:56:38,035 [INFO] classification: Document classified as business with confidence 1.00
2025-07-20 10:56:38,044 [INFO] classification: Filtered 224 blocks to 17 structural elements
2025-07-20 10:56:38,055 [INFO] classification: Detected 0 headings from 17 text blocks
2025-07-20 10:56:38,251 [INFO] classification: Document classified as program with confidence 1.00
2025-07-20 10:56:38,313 [INFO] classification: Document classified as invitation with confidence 1.00
2025-07-20 10:56:38,315 [INFO] classification: Filtered 12 blocks to 1 structural elements
2025-07-20 10:56:38,319 [INFO] classification: Detected 0 headings from 1 text blocks
2025-07-20 11:06:31,659 [INFO] classification: Document classified as manual with confidence 1.00
2025-07-20 11:06:32,692 [INFO] classification: Document classified as manual with confidence 1.00
2025-07-20 11:06:34,017 [INFO] classification: Document classified as business with confidence 1.00
2025-07-20 11:06:34,026 [INFO] classification: Filtered 224 blocks to 17 structural elements
2025-07-20 11:06:34,038 [INFO] classification: Detected 0 headings from 17 text blocks
2025-07-20 11:06:34,220 [INFO] classification: Document classified as program with confidence 1.00
2025-07-20 11:06:34,284 [INFO] classification: Document classified as invitation with confidence 1.00
2025-07-20 11:06:34,286 [INFO] classification: Filtered 12 blocks to 1 structural elements
2025-07-20 11:06:34,290 [INFO] classification: Detected 0 headings from 1 text blocks
2025-07-20 11:16:42,118 [INFO] classification: Document classified as manual with confidence 1.00
2025-07-20 11:16:43,225 [INFO] classification: Document classified as manual with confidence 1.00
2025-07-20 11:16:44,552 [INFO] classification: Document classified as business with confidence 1.00
2025-07-20 11:16:44,561 [INFO] classification: Filtered 224 blocks to 17 structural elements
2025-07-20 11:16:44,573 [INFO] classification: Detected 0 headings from 17 text blocks
2025-07-20 11:16:44,793 [INFO] classification: Document classified as program with confidence 1.00
2025-07-20 11:16:44,869 [INFO] classification: Document classified as invitation with confidence 1.00
2025-07-20 11:16:44,873 [INFO] classification: Filtered 12 blocks to 1 structural elements
2025-07-20 11:16:44,878 [INFO] classification: Detected 0 headings from 1 text blocks
2025-07-20 11:25:18,909 [INFO] classification: Document classified as manual with confidence 1.00
2025-07-20 11:25:20,010 [INFO] classification: Document classified as manual with confidence 1.00
2025-07-20 11:25:21,312 [INFO] classification: Document classified as business with confidence 1.00
2025-07-20 11:25:21,322 [INFO] classification: Filtered 224 blocks to 17 structural elements
2025-07-20 11:25:21,334 [INFO] classification: Detected 0 headings from 17 text blocks
2025-07-20 11:25:21,531 [INFO] classification: Document classified as program with confidence 1.00
2025-07-20 11:25:21,588 [INFO] classification: Document classified as invitation with confidence 1.00
2025-07-20 11:25:21,591 [INFO] classification: Filtered 12 blocks to 1 structural elements
2025-07-20 11:25:21,594 [INFO] classification: Detected 0 headings from 1 text blocks
2025-07-20 11:39:23,069 [INFO] classification: Document classified as manual with confidence 1.00
2025-07-20 11:39:24,092 [INFO] classification: Document classified as manual with confidence 1.00
2025-07-20 11:39:25,271 [INFO] classification: Document classified as business with confidence 1.00
2025-07-20 11:39:25,280 [INFO] classification: Filtered 224 blocks to 17 structural elements
2025-07-20 11:39:25,291 [INFO] classification: Detected 0 headings from 17 text blocks
2025-07-20 11:39:25,461 [INFO] classification: Document classified as program with confidence 1.00
2025-07-20 11:39:25,547 [INFO] classification: Document classified as invitation with confidence 1.00
2025-07-20 11:39:25,551 [INFO] classification: Filtered 12 blocks to 1 structural elements
2025-07-20 11:39:25,555 [INFO] classification: Detected 0 headings from 1 text blocks
2025-07-20 11:44:18,502 [INFO] classification: Document classified as manual with confidence 1.00
2025-07-20 11:44:19,456 [INFO] classification: Document classified as manual with confidence 1.00
2025-07-20 11:44:20,646 [INFO] classification: Document classified as business with confidence 1.00
2025-07-20 11:44:20,656 [INFO] classification: Filtered 224 blocks to 17 structural elements
2025-07-20 11:44:20,668 [INFO] classification: Detected 0 headings from 17 text blocks
2025-07-20 11:44:20,848 [INFO] classification: Document classified as program with confidence 1.00
2025-07-20 11:44:20,914 [INFO] classification: Document classified as invitation with confidence 1.00
2025-07-20 11:44:20,916 [INFO] classification: Filtered 12 blocks to 1 structural elements
2025-07-20 11:44:20,919 [INFO] classification: Detected 0 headings from 1 text blocks
2025-07-20 11:57:12,539 [INFO] classification: Document classified as manual with confidence 1.00
2025-07-20 11:57:13,473 [INFO] classification: Document classified as manual with confidence 1.00
2025-07-20 11:57:14,555 [INFO] classification: Document classified as business with confidence 1.00
2025-07-20 11:57:14,564 [INFO] classification: Filtered 224 blocks to 17 structural elements
2025-07-20 11:57:14,575 [INFO] classification: Detected 0 headings from 17 text blocks
2025-07-20 11:57:14,735 [INFO] classification: Document classified as program with confidence 1.00
2025-07-20 11:57:14,792 [INFO] classification: Document classified as invitation with confidence 1.00
2025-07-20 12:05:14,182 [INFO] classification: Document classified as manual with confidence 1.00
2025-07-20 12:05:15,167 [INFO] classification: Document classified as manual with confidence 1.00
2025-07-20 12:05:16,284 [INFO] classification: Document classified as business with confidence 1.00
2025-07-20 12:05:16,296 [INFO] classification: Filtered 224 blocks to 17 structural elements
2025-07-20 12:05:16,306 [INFO] classification: Detected 0 headings from 17 text blocks
2025-07-20 12:05:16,475 [INFO] classification: Document classified as program with confidence 1.00
2025-07-20 12:05:16,539 [INFO] classification: Document classified as invitation with confidence 1.00
2025-07-20 12:12:26,396 [INFO] classification: Document classified as manual with confidence 1.00
2025-07-20 12:12:27,494 [INFO] classification: Document classified as manual with confidence 1.00
2025-07-20 12:12:28,745 [INFO] classification: Document classified as business with confidence 1.00
2025-07-20 12:12:28,754 [INFO] classification: Filtered 224 blocks to 17 structural elements
2025-07-20 12:12:28,767 [INFO] classification: Detected 0 headings from 17 text blocks
2025-07-20 12:12:28,967 [INFO] classification: Document classified as program with confidence 1.00
2025-07-20 12:12:29,035 [INFO] classification: Document classified as invitation with confidence 1.00
2025-07-20 12:16:46,407 [INFO] classification: Document classified as manual with confidence 1.00
2025-07-20 12:16:47,504 [INFO] classification: Document classified as manual with confidence 1.00
2025-07-20 12:16:48,688 [INFO] classification: Document classified as business with confidence 1.00
2025-07-20 12:16:48,698 [INFO] classification: Filtered 224 blocks to 17 structural elements
2025-07-20 12:16:48,709 [INFO] classification: Detected 0 headings from 17 text blocks
2025-07-20 12:16:48,858 [INFO] classification: Document classified as program with confidence 1.00
2025-07-20 12:16:48,928 [INFO] classification: Document classified as invitation with confidence 1.00
2025-07-20 12:25:52,108 [INFO] classification: Document classified as manual with confidence 1.00
2025-07-20 12:25:53,339 [INFO] classification: Document classified as manual with confidence 1.00
2025-07-20 12:25:54,488 [INFO] classification: Document classified as business with confidence 1.00
2025-07-20 12:25:54,497 [INFO] classification: Filtered 224 blocks to 17 structural elements
2025-07-20 12:25:54,508 [INFO] classification: Detected 0 headings from 17 text blocks
2025-07-20 12:25:54,673 [INFO] classification: Document classified as program with confidence 1.00
2025-07-20 12:25:54,746 [INFO] classification: Document classified as invitation with confidence 1.00
2025-07-20 13:01:49,440 [INFO] classification: Document classified as manual with confidence 1.00
2025-07-20 13:01:50,446 [INFO] classification: Document classified as manual with confidence 1.00
2025-07-20 13:01:51,738 [INFO] classification: Document classified as business with confidence 1.00
2025-07-20 13:01:51,747 [INFO] classification: Filtered 224 blocks to 17 structural elements
2025-07-20 13:01:51,760 [INFO] classification: Detected 0 headings from 17 text blocks
2025-07-20 13:01:52,027 [INFO] classification: Document classified as program with confidence 1.00
2025-07-20 13:01:52,157 [INFO] classification: Document classified as invitation with confidence 1.00
2025-07-20 13:07:11,686 [INFO] classification: Document classified as manual with confidence 1.00
2025-07-20 13:07:12,778 [INFO] classification: Document classified as manual with confidence 1.00
2025-07-20 13:07:14,189 [INFO] classification: Document classified as business with confidence 1.00
2025-07-20 13:07:14,198 [INFO] classification: Filtered 224 blocks to 17 structural elements
2025-07-20 13:07:14,212 [INFO] classification: Detected 0 headings from 17 text blocks
2025-07-20 13:07:14,415 [INFO] classification: Document classified as program with confidence 1.00
2025-07-20 13:07:14,489 [INFO] classification: Document classified as invitation with confidence 1.00
2025-07-20 13:10:55,774 [INFO] classification: Document classified as manual with confidence 1.00
2025-07-20 13:10:56,936 [INFO] classification: Document classified as manual with confidence 1.00
2025-07-20 13:10:58,396 [INFO] classification: Document classified as business with confidence 1.00
2025-07-20 13:10:58,405 [INFO] classification: Filtered 224 blocks to 17 structural elements
2025-07-20 13:10:58,417 [INFO] classification: Detected 0 headings from 17 text blocks
2025-07-20 13:10:58,696 [INFO] classification: Document classified as program with confidence 1.00
2025-07-20 13:10:58,752 [INFO] classification: Document classified as invitation with confidence 1.00
2025-07-20 13:20:25,642 [INFO] classification: Document classified as manual with confidence 1.00
2025-07-20 13:20:27,036 [INFO] classification: Document classified as manual with confidence 1.00
2025-07-20 13:20:28,494 [INFO] classification: Document classified as business with confidence 1.00
2025-07-20 13:20:28,807 [INFO] classification: Document classified as program with confidence 1.00
2025-07-20 13:20:28,881 [INFO] classification: Document classified as invitation with confidence 1.00
2025-07-20 13:33:55,400 [INFO] classification: Document classified as manual with confidence 1.00
2025-07-20 13:33:56,443 [INFO] classification: Document classified as manual with confidence 1.00
2025-07-20 13:33:57,734 [INFO] classification: Document classified as business with confidence 1.00
2025-07-20 13:33:58,015 [INFO] classification: Document classified as program with confidence 1.00
2025-07-20 13:33:58,119 [INFO] classification: Document classified as invitation with confidence 1.00
2025-07-20 13:43:25,594 [INFO] classification: Document classified as manual with confidence 1.00
2025-07-20 13:43:26,593 [INFO] classification: Document classified as manual with confidence 1.00
2025-07-20 13:43:27,808 [INFO] classification: Document classified as business with confidence 1.00
2025-07-20 13:43:27,979 [INFO] classification: Document classified as program with confidence 1.00
2025-07-20 13:43:28,072 [INFO] classification: Document classified as invitation with confidence 1.00
2025-07-20 13:46:56,072 [INFO] classification: Document classified as manual with confidence 1.00
2025-07-20 13:46:57,444 [INFO] classification: Document classified as manual with confidence 1.00
2025-07-20 13:46:59,065 [INFO] classification: Document classified as business with confidence 1.00
2025-07-20 13:46:59,376 [INFO] classification: Document classified as program with confidence 1.00
2025-07-20 13:46:59,462 [INFO] classification: Document classified as invitation with confidence 1.00
2025-07-20 13:51:22,206 [INFO] classification: Document classified as manual with confidence 1.00
2025-07-20 13:51:23,316 [INFO] classification: Document classified as manual with confidence 1.00
2025-07-20 13:51:24,512 [INFO] classification: Document classified as business with confidence 1.00
2025-07-20 13:51:24,702 [INFO] classification: Document classified as program with confidence 1.00
2025-07-20 13:51:24,747 [INFO] classification: Document classified as invitation with confidence 1.00
2025-07-20 13:57:12,705 [INFO] classification: Document classified as manual with confidence 1.00
2025-07-20 13:57:13,721 [INFO] classification: Document classified as manual with confidence 1.00
2025-07-20 13:57:14,944 [INFO] classification: Document classified as business with confidence 1.00
2025-07-20 13:57:15,147 [INFO] classification: Document classified as program with confidence 1.00
2025-07-20 13:57:15,195 [INFO] classification: Document classified as invitation with confidence 1.00
2025-07-20 14:03:27,223 [INFO] classification: Document classified as manual with confidence 1.00
2025-07-20 14:03:28,205 [INFO] classification: Document classified as manual with confidence 1.00
2025-07-20 14:03:29,418 [INFO] classification: Document classified as business with confidence 1.00
2025-07-20 14:03:29,617 [INFO] classification: Document classified as program with confidence 1.00
2025-07-20 14:03:29,681 [INFO] classification: Document classified as invitation with confidence 1.00
2025-07-20 15:10:07,056 [INFO] classification: Document classified as manual with confidence 1.00
2025-07-20 15:10:08,527 [INFO] classification: Document classified as manual with confidence 1.00
2025-07-20 15:10:10,119 [INFO] classification: Document classified as business with confidence 1.00
2025-07-20 15:10:10,468 [INFO] classification: Document classified as program with confidence 1.00
2025-07-20 15:10:10,613 [INFO] classification: Document classified as invitation with confidence 1.00
2025-07-20 16:27:30,036 [INFO] classification: Document classified as manual with confidence 1.00
2025-07-20 16:27:30,970 [INFO] classification: Document classified as manual with confidence 1.00
2025-07-20 16:27:32,046 [INFO] classification: Document classified as business with confidence 1.00
2025-07-20 16:27:32,247 [INFO] classification: Document classified as program with confidence 1.00
2025-07-20 16:27:32,309 [INFO] classification: Document classified as invitation with confidence 1.00
2025-07-20 18:01:20,401 [INFO] classification: Document classified as manual with confidence 1.00
2025-07-20 18:01:21,376 [INFO] classification: Document classified as manual with confidence 1.00
2025-07-20 18:01:22,560 [INFO] classification: Document classified as business with confidence 1.00
2025-07-20 18:01:22,792 [INFO] classification: Document classified as program with confidence 1.00
2025-07-20 18:01:22,873 [INFO] classification: Document classified as invitation with confidence 1.00
2025-07-25 14:27:53,545 [INFO] classification: Document classified as manual with confidence 1.00
2025-07-25 14:27:54,373 [INFO] classification: Document classified as manual with confidence 1.00
2025-07-25 14:27:55,609 [INFO] classification: Document classified as business with confidence 1.00
2025-07-25 14:27:55,779 [INFO] classification: Document classified as program with confidence 1.00
2025-07-25 14:27:55,865 [INFO] classification: Document classified as invitation with confidence 1.00
2025-07-25 14:32:39,008 [INFO] classification: Document classified as manual with confidence 1.00
2025-07-25 14:32:40,138 [INFO] classification: Document classified as manual with confidence 1.00
2025-07-25 14:32:41,404 [INFO] classification: Document classified as business with confidence 1.00
2025-07-25 14:32:41,602 [INFO] classification: Document classified as program with confidence 1.00
2025-07-25 14:32:41,659 [INFO] classification: Document classified as invitation with confidence 1.00
2025-07-25 14:49:54,205 [INFO] classification: Document classified as manual with confidence 1.00
2025-07-25 14:49:55,141 [INFO] classification: Document classified as manual with confidence 1.00
2025-07-25 14:49:56,502 [INFO] classification: Document classified as business with confidence 1.00
2025-07-25 14:49:56,720 [INFO] classification: Document classified as program with confidence 1.00
2025-07-25 14:49:56,817 [INFO] classification: Document classified as invitation with confidence 1.00
